2025-04-12 22:25:03,045 - INFO - Network configured: 
{
    "n_cycles": 25,
    "n_inputs": 40,
    "layer_0": {
        "neuron_model": "lif",
        "n_neurons": 128,
        "alpha": 0.9,
        "learn_alpha": false,
        "beta": 0.9375,
        "learn_beta": false,
        "threshold": 1.0,
        "learn_threshold": false,
        "reset_mechanism": "subtract"
    },
    "layer_1": {
        "neuron_model": "lif",
        "n_neurons": 10,
        "alpha": 0.9,
        "learn_alpha": false,
        "beta": 0.9375,
        "learn_beta": false,
        "threshold": 1.0,
        "learn_threshold": false,
        "reset_mechanism": "none"
    }
}

2025-04-12 22:25:03,047 - INFO - Network ready: SNN(
  (layers): ModuleDict(
    (fc1): Linear(in_features=40, out_features=128, bias=False)
    (lif1): Leaky()
    (fc2): Linear(in_features=128, out_features=10, bias=False)
    (lif2): Leaky()
  )
)

2025-04-12 22:25:03,047 - INFO - Model initialized on cpu
2025-04-12 22:25:06,153 - ERROR - Output layer not found in mem_rec!
