#-----------------------------------------------------------
# xsim v2024.2 (64-bit)
# SW Build 5239630 on Fri Nov 08 22:35:27 MST 2024
# IP Build 5239520 on Sun Nov 10 16:12:51 MST 2024
# SharedData Build 5239561 on Fri Nov 08 14:39:27 MST 2024
# Start of session at: Sun Apr  6 05:54:27 2025
# Process ID         : 15744
# Current directory  : C:/VSProjects/spiking-fpga-project/output
# Command line       : xsim.exe -mode tcl -source {xsim.dir/work.network_tb/xsim_script.tcl}
# Log file           : C:/VSProjects/spiking-fpga-project/output/xsim.log
# Journal file       : C:/VSProjects/spiking-fpga-project/output\xsim.jou
# Running On         : DESKTOP-IIAVL7A
# Platform           : Windows Server 2016 or Windows 10
# Operating System   : 19045
# Processor Detail   : AMD Ryzen 5 5600 6-Core Processor              
# CPU Frequency      : 3500 MHz
# CPU Physical cores : 6
# CPU Logical cores  : 12
# Host memory        : 34280 MB
# Swap memory        : 21609 MB
# Total Virtual      : 55890 MB
# Available Virtual  : 11022 MB
#-----------------------------------------------------------
source xsim.dir/work.network_tb/xsim_script.tcl
# xsim {work.network_tb} -autoloadwcfg -tclbatch {sim_script.tcl}
Time resolution is 1 ps
source sim_script.tcl
## run 200us
## quit
INFO: [Common 17-206] Exiting xsim at Sun Apr  6 05:54:29 2025...
